# JRE version: Java(TM) SE Runtime Environment (8.0_171-b11) (build 1.8.0_171-b11)
# Java VM: Java HotSpot(TM) Client VM (25.171-b11 mixed mode windows-x86 )
Heap:
 def new generation   total 157248K, used 135731K [0x07200000, 0x11ca0000, 0x11ca0000)
  eden space 139776K,  97% used [0x07200000, 0x0f68cd00, 0x0fa80000)
  from space 17472K,   0% used [0x0fa80000, 0x0fa80000, 0x10b90000)
  to   space 17472K,   0% used [0x10b90000, 0x10b90000, 0x11ca0000)
 tenured generation   total 349568K, used 349567K [0x11ca0000, 0x27200000, 0x27200000)
   the space 349568K,  99% used [0x11ca0000, 0x271ffff8, 0x27200000, 0x27200000)
 Metaspace       used 19671K, capacity 20190K, committed 20352K, reserved 20864K
GC Heap History (10 events):
Event: 87491.269 GC heap before
{Heap before GC invocations=124 (full 8):
 def new generation   total 148608K, used 132096K [0x07200000, 0x11340000, 0x11ca0000)
  eden space 132096K, 100% used [0x07200000, 0x0f300000, 0x0f300000)
  from space 16512K,   0% used [0x0f300000, 0x0f300000, 0x10320000)
  to   space 16512K,   0% used [0x10320000, 0x10320000, 0x11340000)
 tenured generation   total 330140K, used 198082K [0x11ca0000, 0x25f07000, 0x27200000)
   the space 330140K,  59% used [0x11ca0000, 0x1de109c8, 0x1de10a00, 0x25f07000)
 Metaspace       used 19671K, capacity 20190K, committed 20352K, reserved 20864K
Event: 87491.403 GC heap after
Heap after GC invocations=125 (full 8):
 def new generation   total 148608K, used 16512K [0x07200000, 0x11340000, 0x11ca0000)
  eden space 132096K,   0% used [0x07200000, 0x07200000, 0x0f300000)
  from space 16512K, 100% used [0x10320000, 0x11340000, 0x11340000)
  to   space 16512K,   0% used [0x0f300000, 0x0f300000, 0x10320000)
 tenured generation   total 330140K, used 246616K [0x11ca0000, 0x25f07000, 0x27200000)
   the space 330140K,  74% used [0x11ca0000, 0x20d76040, 0x20d76200, 0x25f07000)
 Metaspace       used 19671K, capacity 20190K, committed 20352K, reserved 20864K
}
Event: 87492.678 GC heap before
{Heap before GC invocations=125 (full 8):
 def new generation   total 148608K, used 148608K [0x07200000, 0x11340000, 0x11ca0000)
  eden space 132096K, 100% used [0x07200000, 0x0f300000, 0x0f300000)
  from space 16512K, 100% used [0x10320000, 0x11340000, 0x11340000)
  to   space 16512K,   0% used [0x0f300000, 0x0f300000, 0x10320000)
 tenured generation   total 330140K, used 246616K [0x11ca0000, 0x25f07000, 0x27200000)
   the space 330140K,  74% used [0x11ca0000, 0x20d76040, 0x20d76200, 0x25f07000)
 Metaspace       used 19671K, capacity 20190K, committed 20352K, reserved 20864K
Event: 87492.839 GC heap after
Heap after GC invocations=126 (full 8):
 def new generation   total 148608K, used 16512K [0x07200000, 0x11340000, 0x11ca0000)
  eden space 132096K,   0% used [0x07200000, 0x07200000, 0x0f300000)
  from space 16512K, 100% used [0x0f300000, 0x10320000, 0x10320000)
  to   space 16512K,   0% used [0x10320000, 0x10320000, 0x11340000)
 tenured generation   total 330140K, used 307553K [0x11ca0000, 0x25f07000, 0x27200000)
   the space 330140K,  93% used [0x11ca0000, 0x248f8530, 0x248f8600, 0x25f07000)
 Metaspace       used 19671K, capacity 20190K, committed 20352K, reserved 20864K
}
Event: 87494.229 GC heap before
{Heap before GC invocations=126 (full 8):
 def new generation   total 148608K, used 148608K [0x07200000, 0x11340000, 0x11ca0000)
  eden space 132096K, 100% used [0x07200000, 0x0f300000, 0x0f300000)
  from space 16512K, 100% used [0x0f300000, 0x10320000, 0x10320000)
  to   space 16512K,   0% used [0x10320000, 0x10320000, 0x11340000)
 tenured generation   total 330140K, used 307553K [0x11ca0000, 0x25f07000, 0x27200000)
   the space 330140K,  93% used [0x11ca0000, 0x248f8530, 0x248f8600, 0x25f07000)
 Metaspace       used 19671K, capacity 20190K, committed 20352K, reserved 20864K
Event: 87494.730 GC heap after
Heap after GC invocations=127 (full 9):
 def new generation   total 157248K, used 54941K [0x07200000, 0x11ca0000, 0x11ca0000)
  eden space 139776K,  39% used [0x07200000, 0x0a7a7560, 0x0fa80000)
  from space 17472K,   0% used [0x0fa80000, 0x0fa80000, 0x10b90000)
  to   space 17472K,   0% used [0x10b90000, 0x10b90000, 0x11ca0000)
 tenured generation   total 349568K, used 330139K [0x11ca0000, 0x27200000, 0x27200000)
   the space 349568K,  94% used [0x11ca0000, 0x25f06fa8, 0x25f07000, 0x27200000)
 Metaspace       used 19671K, capacity 20190K, committed 20352K, reserved 20864K
}
Event: 87496.114 GC heap before
{Heap before GC invocations=127 (full 9):
 def new generation   total 157248K, used 157248K [0x07200000, 0x11ca0000, 0x11ca0000)
  eden space 139776K, 100% used [0x07200000, 0x0fa80000, 0x0fa80000)
  from space 17472K, 100% used [0x0fa80000, 0x10b90000, 0x10b90000)
  to   space 17472K,   0% used [0x10b90000, 0x10b90000, 0x11ca0000)
 tenured generation   total 349568K, used 349567K [0x11ca0000, 0x27200000, 0x27200000)
   the space 349568K,  99% used [0x11ca0000, 0x271fffd8, 0x27200000, 0x27200000)
 Metaspace       used 19671K, capacity 20190K, committed 20352K, reserved 20864K
Event: 87496.666 GC heap after
Heap after GC invocations=128 (full 10):
 def new generation   total 157248K, used 102574K [0x07200000, 0x11ca0000, 0x11ca0000)
  eden space 139776K,  73% used [0x07200000, 0x0d62b8f8, 0x0fa80000)
  from space 17472K,   0% used [0x0fa80000, 0x0fa80000, 0x10b90000)
  to   space 17472K,   0% used [0x10b90000, 0x10b90000, 0x11ca0000)
 tenured generation   total 349568K, used 349567K [0x11ca0000, 0x27200000, 0x27200000)
   the space 349568K,  99% used [0x11ca0000, 0x271fffd8, 0x27200000, 0x27200000)
 Metaspace       used 19671K, capacity 20190K, committed 20352K, reserved 20864K
}
Event: 87497.336 GC heap before
{Heap before GC invocations=128 (full 10):
 def new generation   total 157248K, used 157248K [0x07200000, 0x11ca0000, 0x11ca0000)
  eden space 139776K, 100% used [0x07200000, 0x0fa80000, 0x0fa80000)
  from space 17472K, 100% used [0x0fa80000, 0x10b90000, 0x10b90000)
  to   space 17472K,   0% used [0x10b90000, 0x10b90000, 0x11ca0000)
 tenured generation   total 349568K, used 349567K [0x11ca0000, 0x27200000, 0x27200000)
   the space 349568K,  99% used [0x11ca0000, 0x271ffff8, 0x27200000, 0x27200000)
 Metaspace       used 19671K, capacity 20190K, committed 20352K, reserved 20864K
Event: 87497.860 GC heap after
Heap after GC invocations=129 (full 11):
 def new generation   total 157248K, used 127562K [0x07200000, 0x11ca0000, 0x11ca0000)
  eden space 139776K,  91% used [0x07200000, 0x0ee92bd8, 0x0fa80000)
  from space 17472K,   0% used [0x0fa80000, 0x0fa80000, 0x10b90000)
  to   space 17472K,   0% used [0x10b90000, 0x10b90000, 0x11ca0000)
 tenured generation   total 349568K, used 349567K [0x11ca0000, 0x27200000, 0x27200000)
   the space 349568K,  99% used [0x11ca0000, 0x271ffff8, 0x27200000, 0x27200000)
 Metaspace       used 19671K, capacity 20190K, committed 20352K, reserved 20864K
}

